Downloading...
--2015-10-05 21:06:18--  http://dl.caffe.berkeleyvision.org/caffe_ilsvrc12.tar.gz
Resolving dl.caffe.berkeleyvision.org (dl.caffe.berkeleyvision.org)... 169.229.222.251
Connecting to dl.caffe.berkeleyvision.org (dl.caffe.berkeleyvision.org)|169.229.222.251|:80... connected.
HTTP request sent, awaiting response... 200 OK
Length: 17858008 (17M) [application/octet-stream]
Saving to: ‘caffe_ilsvrc12.tar.gz’

     0K .......... .......... .......... .......... ..........  0% 64.5K 4m30s
    50K .......... .......... .......... .......... ..........  0% 32.3K 6m43s
   100K .......... .......... .......... .......... ..........  0% 23.3K 8m36s
   150K .......... .......... .......... .......... ..........  1% 12.4K 12m15s
   200K .......... .......... .......... .......... ..........  1% 14.3K 13m47s
   250K .......... .......... .......... .......... ..........  1% 23.5K 13m29s
   300K .......... .......... .......... .......... ..........  2% 13.4K 14m33s
   350K .......... .......... .......... .......... ..........  2% 7.91K 17m11s
   400K .......... .......... .......... .......... ..........  2% 25.8K 16m27s
   450K .......... .......... .......... .......... ..........  2% 36.8K 15m32s
   500K .......... .......... .......... .......... ..........  3% 25.8K 15m4s
   550K .......... .......... .......... .......... ..........  3% 14.2K 15m25s
   600K .......... .......... .......... .......... ..........  3% 17.2K 15m26s
   650K .......... .......... .......... .......... ..........  4% 17.2K 15m27s
   700K .......... .......... .......... .......... ..........  4% 12.2K 15m54s
   750K .......... .......... .......... .......... ..........  4% 15.0K 16m1s
   800K .......... .......... .......... .......... ..........  4% 11.7K 16m25s
   850K .......... .......... .......... .......... ..........  5% 7.03K 17m38s
   900K .......... .......... .......... .......... ..........  5% 12.8K 17m48s
   950K .......... .......... .......... .......... ..........  5% 7.28K 18m44s
  1000K .......... .......... .......... .......... ..........  6% 9.15K 19m12s
  1050K .......... .......... .......... .......... ..........  6% 9.88K 19m32s
  1100K .......... .......... .......... .......... ..........  6% 11.1K 19m41s
  1150K .......... .......... .......... .......... ..........  6% 19.8K 19m23s
  1200K .......... .......... .......... .......... ..........  7% 7.05K 20m4s
  1250K .......... .......... .......... .......... ..........  7% 11.7K 20m8s
  1300K .......... .......... .......... .......... ..........  7% 9.80K 20m20s
  1350K .......... .......... .......... .......... ..........  8% 15.1K 20m11s
  1400K .......... .......... .......... .......... ..........  8% 14.2K 20m4s
  1450K .......... .......... .......... .......... ..........  8% 20.0K 19m47s
  1500K .......... .......... .......... .......... ..........  8% 16.0K 19m37s
  1550K .......... .......... .......... .......... ..........  9% 16.2K 19m27s
  1600K .......... .......... .......... .......... ..........  9% 14.4K 19m22s
  1650K .......... .......... .......... .......... ..........  9% 17.2K 19m11s
  1700K .......... .......... .......... .......... .......... 10% 9.85K 19m20s
  1750K .......... .......... .......... .......... .......... 10% 12.8K 19m18s
  1800K .......... .......... .......... .......... .......... 10% 19.8K 19m4s
  1850K .......... .......... .......... .......... .......... 10% 21.5K 18m50s
  1900K .......... .......... .......... .......... .......... 11% 19.9K 18m37s
  1950K .......... .......... .......... .......... .......... 11% 17.2K 18m28s
  2000K .......... .......... .......... .......... .......... 11% 19.9K 18m17s
  2050K .......... .......... .......... .......... .......... 12% 28.7K 18m0s
  2100K .......... .......... .......... .......... .......... 12% 15.2K 17m55s
  2150K .......... .......... .......... .......... .......... 12% 19.8K 17m44s
  2200K .......... .......... .......... .......... .......... 12% 19.7K 17m34s
  2250K .......... .......... .......... .......... .......... 13% 14.3K 17m31s
  2300K .......... .......... .......... .......... .......... 13% 23.4K 17m19s
  2350K .......... .......... .......... .......... .......... 13% 37.3K 17m2s
  2400K .......... .......... .......... .......... .......... 14% 25.8K 16m50s
  2450K .......... .......... .......... .......... .......... 14% 8.82K 17m0s
  2500K .......... .......... .......... .......... .......... 14% 12.3K 17m1s
  2550K .......... .......... .......... .......... .......... 14% 17.2K 16m54s
  2600K .......... .......... .......... .......... .......... 15% 23.5K 16m44s
  2650K .......... .......... .......... .......... .......... 15% 21.5K 16m35s
  2700K .......... .......... .......... .......... .......... 15% 28.7K 16m23s
  2750K .......... .......... .......... .......... .......... 16% 21.5K 16m14s
  2800K .......... .......... .......... .......... .......... 16% 16.1K 16m9s
  2850K .......... .......... .......... .......... .......... 16% 19.1K 16m3s
  2900K .......... .......... .......... .......... .......... 16% 16.7K 15m58s
  2950K .......... .......... .......... .......... .......... 17% 12.2K 15m58s
  3000K .......... .......... .......... .......... .......... 17% 12.9K 15m58s
  3050K .......... .......... .......... .......... .......... 17% 14.3K 15m55s
  3100K .......... .......... .......... .......... .......... 18% 9.86K 16m0s
  3150K .......... .......... .......... .......... .......... 18% 15.2K 15m56s
  3200K .......... .......... .......... .......... .......... 18% 12.9K 15m55s
  3250K .......... .......... .......... .......... .......... 18% 11.2K 15m56s
  3300K .......... .......... .......... .......... .......... 19% 17.2K 15m51s
  3350K .......... .......... .......... .......... .......... 19% 25.4K 15m42s
  3400K .......... .......... .......... .......... .......... 19% 26.4K 15m32s
  3450K .......... .......... .......... .......... .......... 20% 28.7K 15m23s
  3500K .......... .......... .......... .......... .......... 20% 28.7K 15m13s
  3550K .......... .......... .......... .......... .......... 20% 25.8K 15m5s
  3600K .......... .......... .......... .......... .......... 20% 19.9K 14m59s
  3650K .......... .......... .......... .......... .......... 21% 14.2K 14m56s
  3700K .......... .......... .......... .......... .......... 21% 15.2K 14m53s
  3750K .......... .......... .......... .......... .......... 21% 11.1K 14m54s
  3800K .......... .......... .......... .......... .......... 22% 9.21K 14m59s
  3850K .......... .......... .......... .......... .......... 22% 15.7K 14m55s
  3900K .......... .......... .......... .......... .......... 22% 19.9K 14m49s
  3950K .......... .......... .......... .......... .......... 22% 28.7K 14m40s
  4000K .......... .......... .......... .......... .......... 23% 23.5K 14m33s
  4050K .......... .......... .......... .......... .......... 23% 18.3K 14m28s
  4100K .......... .......... .......... .......... .......... 23% 23.6K 14m22s
  4150K .......... .......... .......... .......... .......... 24% 9.57K 14m25s
  4200K .......... .......... .......... .......... .......... 24% 17.2K 14m20s
  4250K .......... .......... .......... .......... .......... 24% 28.7K 14m12s
  4300K .......... .......... .......... .......... .......... 24% 37.0K 14m3s
  4350K .......... .......... .......... .......... .......... 25% 25.8K 13m56s
  4400K .......... .......... .......... .......... .......... 25% 26.5K 13m49s
  4450K .......... .......... .......... .......... .......... 25% 27.9K 13m42s
  4500K .......... .......... .......... .......... .......... 26% 14.4K 13m40s
  4550K .......... .......... .......... .......... .......... 26% 17.2K 13m36s
  4600K .......... .......... .......... .......... .......... 26% 19.9K 13m31s
  4650K .......... .......... .......... .......... .......... 26% 18.5K 13m26s
  4700K .......... .......... .......... .......... .......... 27% 16.1K 13m23s
  4750K .......... .......... .......... .......... .......... 27% 16.1K 13m20s
  4800K .......... .......... .......... .......... .......... 27% 8.21K 13m24s
  4850K .......... .......... .......... .......... .......... 28% 19.8K 13m19s
  4900K .......... .......... .......... .......... .......... 28% 8.22K 13m23s
  4950K .......... .......... .......... .......... .......... 28% 25.8K 13m17s
  5000K .......... .......... .......... .......... .......... 28% 25.3K 13m11s
  5050K .......... .......... .......... .......... .......... 29% 13.6K 13m9s
  5100K .......... .......... .......... .......... .......... 29% 9.86K 13m10s
  5150K .......... .......... .......... .......... .......... 29% 6.76K 13m17s
  5200K .......... .......... .......... .......... .......... 30% 8.20K 13m20s
  5250K .......... .......... .......... .......... .......... 30% 11.3K 13m19s
  5300K .......... .......... .......... .......... .......... 30% 15.8K 13m16s
  5350K .......... .......... .......... .......... .......... 30% 9.08K 13m17s
  5400K .......... .......... .......... .......... .......... 31% 12.2K 13m16s
  5450K .......... .......... .......... .......... .......... 31% 25.3K 13m10s
  5500K .......... .......... .......... .......... .......... 31% 13.5K 13m7s
  5550K .......... .......... .......... .......... .......... 32% 13.5K 13m5s
  5600K .......... .......... .......... .......... .......... 32% 21.5K 12m59s
  5650K .......... .......... .......... .......... .......... 32% 22.1K 12m54s
  5700K .......... .......... .......... .......... .......... 32% 9.91K 12m54s
  5750K .......... .......... .......... .......... .......... 33% 16.1K 12m50s
  5800K .......... .......... .......... .......... .......... 33% 19.9K 12m45s
  5850K .......... .......... .......... .......... .......... 33% 32.2K 12m39s
  5900K .......... .......... .......... .......... .......... 34% 18.4K 12m34s
  5950K .......... .......... .......... .......... .......... 34% 25.8K 12m28s
  6000K .......... .......... .......... .......... .......... 34% 16.4K 12m25s
  6050K .......... .......... .......... .......... .......... 34% 18.6K 12m20s
  6100K .......... .......... .......... .......... .......... 35% 21.5K 12m15s
  6150K .......... .......... .......... .......... .......... 35% 18.4K 12m11s
  6200K .......... .......... .......... .......... .......... 35% 28.7K 12m5s
  6250K .......... .......... .......... .......... .......... 36% 29.9K 11m59s
  6300K .......... .......... .......... .......... .......... 36% 17.9K 11m55s
  6350K .......... .......... .......... .......... .......... 36% 14.3K 11m53s
  6400K .......... .......... .......... .......... .......... 36% 16.8K 11m49s
  6450K .......... .......... .......... .......... .......... 37% 11.6K 11m47s
  6500K .......... .......... .......... .......... .......... 37% 10.2K 11m47s
  6550K .......... .......... .......... .......... .......... 37% 12.9K 11m45s
  6600K .......... .......... .......... .......... .......... 38% 16.1K 11m41s
  6650K .......... .......... .......... .......... .......... 38% 13.5K 11m39s
  6700K .......... .......... .......... .......... .......... 38% 9.78K 11m38s
  6750K .......... .......... .......... .......... .......... 38% 6.05K 11m43s
  6800K .......... .......... .......... .......... .......... 39% 8.83K 11m43s
  6850K .......... .......... .......... .......... .......... 39% 9.91K 11m43s
  6900K .......... .......... .......... .......... .......... 39% 8.48K 11m43s
  6950K .......... .......... .......... .......... .......... 40% 11.7K 11m41s
  7000K .......... .......... .......... .......... .......... 40% 12.7K 11m39s
  7050K .......... .......... .......... .......... .......... 40% 8.88K 11m39s
  7100K .......... .......... .......... .......... .......... 40% 8.46K 11m39s
  7150K .......... .......... .......... .......... .......... 41% 8.83K 11m39s
  7200K .......... .......... .......... .......... .......... 41% 14.3K 11m35s
  7250K .......... .......... .......... .......... .......... 41% 6.83K 11m37s
  7300K .......... .......... .......... .......... .......... 42% 7.13K 11m39s
  7350K .......... .......... .......... .......... .......... 42% 14.3K 11m35s
  7400K .......... .......... .......... .......... .......... 42% 21.5K 11m30s
  7450K .......... .......... .......... .......... .......... 43% 25.8K 11m25s
  7500K .......... .......... .......... .......... .......... 43% 7.65K 11m26s
  7550K .......... .......... .......... .......... .......... 43% 9.41K 11m25s
  7600K .......... .......... .......... .......... .......... 43% 12.2K 11m22s
  7650K .......... .......... .......... .......... .......... 44% 9.85K 11m20s
  7700K .......... .......... .......... .......... .......... 44% 11.1K 11m18s
  7750K .......... .......... .......... .......... .......... 44% 36.9K 11m12s
  7800K .......... .......... .......... .......... .......... 45% 10.6K 11m10s
  7850K .......... .......... .......... .......... .......... 45% 25.9K 11m5s
  7900K .......... .......... .......... .......... .......... 45% 23.7K 10m59s
  7950K .......... .......... .......... .......... .......... 45% 21.6K 10m55s
  8000K .......... .......... .......... .......... .......... 46% 10.3K 10m53s
  8050K .......... .......... .......... .......... .......... 46% 8.52K 10m52s
  8100K .......... .......... .......... .......... .......... 46% 20.0K 10m47s
  8150K .......... .......... .......... .......... .......... 47% 21.5K 10m43s
  8200K .......... .......... .......... .......... .......... 47% 21.5K 10m38s
  8250K .......... .......... .......... .......... .......... 47% 19.7K 10m33s
  8300K .......... .......... .......... .......... .......... 47% 11.6K 10m31s
  8350K .......... .......... .......... .......... .......... 48% 12.8K 10m28s
  8400K .......... .......... .......... .......... .......... 48% 23.5K 10m23s
  8450K .......... .......... .......... .......... .......... 48% 23.5K 10m18s
  8500K .......... .......... .......... .......... .......... 49% 15.1K 10m15s
  8550K .......... .......... .......... .......... .......... 49% 6.50K 10m15s
  8600K .......... .......... .......... .......... .......... 49% 10.6K 10m13s
  8650K .......... .......... .......... .......... .......... 49% 11.7K 10m10s
  8700K .......... .......... .......... .......... .......... 50% 7.05K 10m11s
  8750K .......... .......... .......... .......... .......... 50% 12.8K 10m7s
  8800K .......... .......... .......... .......... .......... 50% 17.1K 10m3s
  8850K .......... .......... .......... .......... .......... 51% 16.0K 9m59s
  8900K .......... .......... .......... .......... .......... 51% 11.1K 9m57s
  8950K .......... .......... .......... .......... .......... 51% 10.2K 9m55s
  9000K .......... .......... .......... .......... .......... 51% 15.2K 9m51s
  9050K .......... .......... .......... .......... .......... 52% 5.04K 9m53s
  9100K .......... .......... .......... .......... .......... 52% 14.3K 9m50s
  9150K .......... .......... .......... .......... .......... 52% 15.1K 9m46s
  9200K .......... .......... .......... .......... .......... 53% 23.5K 9m41s
  9250K .......... .......... .......... .......... .......... 53% 30.5K 9m36s
  9300K .......... .......... .......... .......... .......... 53% 23.6K 9m31s
  9350K .......... .......... .......... .......... .......... 53% 14.0K 9m28s
  9400K .......... .......... .......... .......... .......... 54% 16.1K 9m24s
  9450K .......... .......... .......... .......... .......... 54% 7.60K 9m23s
  9500K .......... .......... .......... .......... .......... 54% 7.75K 9m22s
  9550K .......... .......... .......... .......... .......... 55% 12.9K 9m18s
  9600K .......... .......... .......... .......... .......... 55% 8.81K 9m16s
  9650K .......... .......... .......... .......... .......... 55% 12.8K 9m13s
  9700K .......... .......... .......... .......... .......... 55% 17.3K 9m9s
  9750K .......... .......... .......... .......... .......... 56% 17.2K 9m5s
  9800K .......... .......... .......... .......... .......... 56% 8.47K 9m3s
  9850K .......... .......... .......... .......... .......... 56% 13.6K 9m0s
  9900K .......... .......... .......... .......... .......... 57% 8.84K 8m58s
  9950K .......... .......... .......... .......... .......... 57% 10.3K 8m55s
 10000K .......... .......... .......... .......... .......... 57% 13.4K 8m52s
 10050K .......... .......... .......... .......... .......... 57% 25.8K 8m47s
 10100K .......... .......... .......... .......... .......... 58% 18.4K 8m43s
 10150K .......... .......... .......... .......... .......... 58% 14.3K 8m39s
 10200K .......... .......... .......... .......... .......... 58% 19.8K 8m35s
 10250K .......... .......... .......... .......... .......... 59% 13.5K 8m31s
 10300K .......... .......... .......... .......... .......... 59% 10.6K 8m28s
 10350K .......... .......... .......... .......... .......... 59% 16.1K 8m24s
 10400K .......... .......... .......... .......... .......... 59% 16.1K 8m20s
 10450K .......... .......... .......... .......... .......... 60% 12.8K 8m17s
 10500K .......... .......... .......... .......... .......... 60% 9.48K 8m15s
 10550K .......... .......... .......... .......... .......... 60% 16.1K 8m11s
 10600K .......... .......... .......... .......... .......... 61% 16.0K 8m7s
 10650K .......... .......... .......... .......... .......... 61% 14.9K 8m3s
 10700K .......... .......... .......... .......... .......... 61% 25.5K 7m58s
 10750K .......... .......... .......... .......... .......... 61% 37.0K 7m54s
 10800K .......... .......... .......... .......... .......... 62% 17.2K 7m50s
 10850K .......... .......... .......... .......... .......... 62% 21.4K 7m45s
 10900K .......... .......... .......... .......... .......... 62% 12.2K 7m42s
 10950K .......... .......... .......... .......... .......... 63% 12.9K 7m39s
 11000K .......... .......... .......... .......... .......... 63% 5.38K 7m38s
 11050K .......... .......... .......... .......... .......... 63% 14.3K 7m35s
 11100K .......... .......... .......... .......... .......... 63% 8.82K 7m32s
 11150K .......... .......... .......... .......... .......... 64% 13.6K 7m29s
 11200K .......... .......... .......... .......... .......... 64% 14.3K 7m25s
 11250K .......... .......... .......... .......... .......... 64% 17.1K 7m21s
 11300K .......... .......... .......... .......... .......... 65% 25.8K 7m17s
 11350K .......... .......... .......... .......... .......... 65% 28.7K 7m12s
 11400K .......... .......... .......... .......... .......... 65% 19.9K 7m8s
 11450K .......... .......... .......... .......... .......... 65% 12.9K 7m5s
 11500K .......... .......... .......... .......... .......... 66% 14.4K 7m1s
 11550K .......... .......... .......... .......... .......... 66% 14.3K 6m57s
 11600K .......... .......... .......... .......... .......... 66% 16.2K 6m54s
 11650K .......... .......... .......... .......... .......... 67% 13.6K 6m50s
 11700K .......... .......... .......... .......... .......... 67% 19.8K 6m46s
 11750K .......... .......... .......... .......... .......... 67% 19.9K 6m42s
 11800K .......... .......... .......... .......... .......... 67% 11.7K 6m39s
 11850K .......... .......... .......... .......... .......... 68% 13.4K 6m35s
 11900K .......... .......... .......... .......... .......... 68% 16.1K 6m31s
 11950K .......... .......... .......... .......... .......... 68% 25.7K 6m27s
 12000K .......... .......... .......... .......... .......... 69% 19.8K 6m23s
 12050K .......... .......... .......... .......... .......... 69% 19.8K 6m19s
 12100K .......... .......... .......... .......... .......... 69% 18.3K 6m15s
 12150K .......... .......... .......... .......... .......... 69% 9.49K 6m12s
 12200K .......... .......... .......... .......... .......... 70% 17.1K 6m9s
 12250K .......... .......... .......... .......... .......... 70% 16.1K 6m5s
 12300K .......... .......... .......... .......... .......... 70% 9.43K 6m2s
 12350K .......... .......... .......... .......... .......... 71% 11.6K 5m59s
 12400K .......... .......... .......... .......... .......... 71% 9.84K 5m56s
 12450K .......... .......... .......... .......... .......... 71% 13.5K 5m52s
 12500K .......... .......... .......... .......... .......... 71% 12.1K 5m49s
 12550K .......... .......... .......... .......... .......... 72% 10.7K 5m46s
 12600K .......... .......... .......... .......... .......... 72% 12.2K 5m42s
 12650K .......... .......... .......... .......... .......... 72% 9.80K 5m39s
 12700K .......... .......... .......... .......... .......... 73% 10.8K 5m36s
 12750K .......... .......... .......... .......... .......... 73% 21.5K 5m32s
 12800K .......... .......... .......... .......... .......... 73% 12.2K 5m29s
 12850K .......... .......... .......... .......... .......... 73% 23.5K 5m25s
 12900K .......... .......... .......... .......... .......... 74% 14.1K 5m21s
 12950K .......... .......... .......... .......... .......... 74% 7.46K 5m19s
 13000K .......... .......... .......... .......... .......... 74% 17.2K 5m15s
 13050K .......... .......... .......... .......... .......... 75% 12.8K 5m11s
 13100K .......... .......... .......... .......... .......... 75% 13.5K 5m8s
 13150K .......... .......... .......... .......... .......... 75% 21.5K 5m4s
 13200K .......... .......... .......... .......... .......... 75% 17.2K 5m0s
 13250K .......... .......... .......... .......... .......... 76% 17.1K 4m56s
 13300K .......... .......... .......... .......... .......... 76% 12.8K 4m53s
 13350K .......... .......... .......... .......... .......... 76% 16.1K 4m49s
 13400K .......... .......... .......... .......... .......... 77% 17.3K 4m45s
 13450K .......... .......... .......... .......... .......... 77% 37.2K 4m41s
 13500K .......... .......... .......... .......... .......... 77% 43.0K 4m37s
 13550K .......... .......... .......... .......... .......... 77% 19.7K 4m33s
 13600K .......... .......... .......... .......... .......... 78% 13.5K 4m29s
 13650K .......... .......... .......... .......... .......... 78% 18.2K 4m26s
 13700K .......... .......... .......... .......... .......... 78% 19.9K 4m22s
 13750K .......... .......... .......... .......... .......... 79% 23.5K 4m18s
 13800K .......... .......... .......... .......... .......... 79% 19.8K 4m14s
 13850K .......... .......... .......... .......... .......... 79% 17.2K 4m10s
 13900K .......... .......... .......... .......... .......... 79% 13.5K 4m7s
 13950K .......... .......... .......... .......... .......... 80% 19.9K 4m3s
 14000K .......... .......... .......... .......... .......... 80% 11.1K 4m0s
 14050K .......... .......... .......... .......... .......... 80% 14.3K 3m56s
 14100K .......... .......... .......... .......... .......... 81% 7.96K 3m53s
 14150K .......... .......... .......... .......... .......... 81% 11.1K 3m50s
 14200K .......... .......... .......... .......... .......... 81% 11.2K 3m47s
 14250K .......... .......... .......... .......... .......... 81% 10.2K 3m43s
 14300K .......... .......... .......... .......... .......... 82% 19.8K 3m40s
 14350K .......... .......... .......... .......... .......... 82% 12.1K 3m36s
 14400K .......... .......... .......... .......... .......... 82% 11.8K 3m33s
 14450K .......... .......... .......... .......... .......... 83% 14.3K 3m29s
 14500K .......... .......... .......... .......... .......... 83% 7.73K 3m26s
 14550K .......... .......... .......... .......... .......... 83% 11.7K 3m23s
 14600K .......... .......... .......... .......... .......... 84% 9.88K 3m19s
 14650K .......... .......... .......... .......... .......... 84% 15.1K 3m16s
 14700K .......... .......... .......... .......... .......... 84% 17.0K 3m12s
 14750K .......... .......... .......... .......... .......... 84% 25.8K 3m8s
 14800K .......... .......... .......... .......... .......... 85% 28.7K 3m4s
 14850K .......... .......... .......... .......... .......... 85% 25.8K 3m1s
 14900K .......... .......... .......... .......... .......... 85% 11.2K 2m57s
 14950K .......... .......... .......... .......... .......... 86% 11.8K 2m54s
 15000K .......... .......... .......... .......... .......... 86% 12.7K 2m50s
 15050K .......... .......... .......... .......... .......... 86% 9.15K 2m47s
 15100K .......... .......... .......... .......... .......... 86% 14.4K 2m43s
 15150K .......... .......... .......... .......... .......... 87% 17.1K 2m40s
 15200K .......... .......... .......... .......... .......... 87% 8.79K 2m36s
 15250K .......... .......... .......... .......... .......... 87% 17.1K 2m33s
 15300K .......... .......... .......... .......... .......... 88% 28.7K 2m29s
 15350K .......... .......... .......... .......... .......... 88% 36.9K 2m25s
 15400K .......... .......... .......... .......... .......... 88% 11.0K 2m22s
 15450K .......... .......... .......... .......... .......... 88% 28.7K 2m18s
 15500K .......... .......... .......... .......... .......... 89% 9.10K 2m15s
 15550K .......... .......... .......... .......... .......... 89% 6.86K 2m11s
 15600K .......... .......... .......... .......... .......... 89% 10.2K 2m8s
 15650K .......... .......... .......... .......... .......... 90% 16.0K 2m4s
 15700K .......... .......... .......... .......... .......... 90% 15.1K 2m1s
 15750K .......... .......... .......... .......... .......... 90% 17.1K 1m57s
 15800K .......... .......... .......... .......... .......... 90% 23.0K 1m53s
 15850K .......... .......... .......... .......... .......... 91% 7.74K 1m50s
 15900K .......... .......... .......... .......... .......... 91% 6.51K 1m47s
 15950K .......... .......... .......... .......... .......... 91% 9.47K 1m44s
 16000K .......... .......... .......... .......... .......... 92% 12.1K 1m40s
 16050K .......... .......... .......... .......... .......... 92% 16.1K 96s
 16100K .......... .......... .......... .......... .......... 92% 17.2K 93s
 16150K .......... .......... .......... .......... .......... 92% 11.1K 89s
 16200K .......... .......... .......... .......... .......... 93% 13.5K 86s
 16250K .......... .......... .......... .......... .......... 93% 17.2K 82s
 16300K .......... .......... .......... .......... .......... 93% 25.8K 78s
 16350K .......... .......... .......... .......... .......... 94% 21.5K 75s
 16400K .......... .......... .......... .......... .......... 94% 12.8K 71s
 16450K .......... .......... .......... .......... .......... 94% 12.8K 67s
 16500K .......... .......... .......... .......... .......... 94% 11.7K 64s
 16550K .......... .......... .......... .......... .......... 95% 14.3K 60s
 16600K .......... .......... .......... .......... .......... 95% 19.9K 57s
 16650K .......... .......... .......... .......... .......... 95% 14.3K 53s
 16700K .......... .......... .......... .......... .......... 96% 8.83K 50s
 16750K .......... .......... .......... .......... .......... 96% 11.5K 46s
 16800K .......... .......... .......... .......... .......... 96% 10.1K 42s
 16850K .......... .......... .......... .......... .......... 96% 16.1K 39s
 16900K .......... .......... .......... .......... .......... 97% 13.6K 35s
 16950K .......... .......... .......... .......... .......... 97% 17.1K 32s
 17000K .......... .......... .......... .......... .......... 97% 16.0K 28s
 17050K .......... .......... .......... .......... .......... 98% 9.84K 24s
 17100K .......... .......... .......... .......... .......... 98% 10.6K 21s
 17150K .......... .......... .......... .......... .......... 98% 19.8K 17s
 17200K .......... .......... .......... .......... .......... 98% 15.1K 14s
 17250K .......... .......... .......... .......... .......... 99% 18.4K 10s
 17300K .......... .......... .......... .......... .......... 99% 19.9K 6s
 17350K .......... .......... .......... .......... .......... 99% 13.5K 3s
 17400K .......... .......... .......... .........            100% 17.0K=20m52s

2015-10-05 21:27:11 (13.9 KB/s) - ‘caffe_ilsvrc12.tar.gz’ saved [17858008/17858008]

Unzipping...
Done.
